[INFO ] 2019-02-24 20:09:03.140 [http-nio-8080-exec-1] UserDao - Querying: org.hibernate.query.criteria.internal.CriteriaQueryImpl@1887e988
[INFO ] 2019-02-24 20:09:03.144 [http-nio-8080-exec-1] UserDao - Found: [User{userId='2', firstName='John', lastName='Wayne', userName='testuser2'}]
[INFO ] 2019-02-24 20:09:19.649 [http-nio-8080-exec-2] UserDao - Querying: org.hibernate.query.criteria.internal.CriteriaQueryImpl@471c59ed
[INFO ] 2019-02-24 20:09:19.650 [http-nio-8080-exec-2] UserDao - Found: [User{userId='1', firstName='Tester', lastName='McTester', userName='testuser'}, User{userId='2', firstName='John', lastName='Wayne', userName='testuser2'}, User{userId='3', firstName='Wyatt', lastName='Earp', userName='testuser3'}, User{userId='4', firstName='Doc', lastName='Holliday', userName='testuser4'}]
[INFO ] 2019-02-24 21:21:15.693 [http-nio-8080-exec-2] UserDao - Querying: org.hibernate.query.criteria.internal.CriteriaQueryImpl@70bdbeff
[INFO ] 2019-02-24 21:21:15.698 [http-nio-8080-exec-2] UserDao - Found: [User{userId='1', firstName='Tester', lastName='McTester', userName='testuser', userPassword='test'}, User{userId='2', firstName='John', lastName='Wayne', userName='testuser2', userPassword='test'}, User{userId='3', firstName='Wyatt', lastName='Earp', userName='testuser3', userPassword='test'}, User{userId='4', firstName='Doc', lastName='Holliday', userName='testuser4', userPassword='test'}]
[INFO ] 2019-02-25 12:11:20.992 [http-nio-8080-exec-2] UserDao - Querying: org.hibernate.query.criteria.internal.CriteriaQueryImpl@2cb6c28
[INFO ] 2019-02-25 12:11:20.998 [http-nio-8080-exec-2] UserDao - Found: [User{userId='1', firstName='Tester', lastName='McTester', userName='testuser', userPassword='test'}, User{userId='2', firstName='John', lastName='Wayne', userName='testuser2', userPassword='test'}, User{userId='3', firstName='Wyatt', lastName='Earp', userName='testuser3', userPassword='test'}, User{userId='4', firstName='Doc', lastName='Holliday', userName='testuser4', userPassword='test'}]
[INFO ] 2019-02-27 19:41:17.490 [http-nio-8080-exec-4] UserDao - Querying: org.hibernate.query.criteria.internal.CriteriaQueryImpl@102e9018
[INFO ] 2019-02-27 19:41:17.494 [http-nio-8080-exec-4] UserDao - Found: [User{userId='2', firstName='John', lastName='Wayne', userName='testuser2', userPassword='test'}]
[INFO ] 2019-02-27 19:41:23.635 [http-nio-8080-exec-6] UserDao - Querying: org.hibernate.query.criteria.internal.CriteriaQueryImpl@13575cd6
[INFO ] 2019-02-27 19:41:23.636 [http-nio-8080-exec-6] UserDao - Found: [User{userId='2', firstName='John', lastName='Wayne', userName='testuser2', userPassword='test'}, User{userId='3', firstName='Wyatt', lastName='Earp', userName='testuser3', userPassword='test'}, User{userId='4', firstName='Doc', lastName='Holliday', userName='testuser4', userPassword='test'}]
[INFO ] 2019-02-27 19:41:40.017 [http-nio-8080-exec-7] UserDao - Querying: org.hibernate.query.criteria.internal.CriteriaQueryImpl@787ac559
[INFO ] 2019-02-27 19:41:40.018 [http-nio-8080-exec-7] UserDao - Found: []
[INFO ] 2019-02-27 19:41:45.698 [http-nio-8080-exec-8] UserDao - Querying: org.hibernate.query.criteria.internal.CriteriaQueryImpl@909aa1b
[INFO ] 2019-02-27 19:41:45.699 [http-nio-8080-exec-8] UserDao - Found: [User{userId='1', firstName='Tester', lastName='McTester', userName='testuser', userPassword='test'}, User{userId='2', firstName='John', lastName='Wayne', userName='testuser2', userPassword='test'}, User{userId='3', firstName='Wyatt', lastName='Earp', userName='testuser3', userPassword='test'}, User{userId='4', firstName='Doc', lastName='Holliday', userName='testuser4', userPassword='test'}]
[INFO ] 2019-03-01 17:16:36.369 [http-nio-8080-exec-1] UserDao - Querying: org.hibernate.query.criteria.internal.CriteriaQueryImpl@63160cf1
[INFO ] 2019-03-01 17:16:36.372 [http-nio-8080-exec-1] UserDao - Found: [User{userId='1', firstName='Tester', lastName='McTester', userName='testuser', userPassword='test'}, User{userId='2', firstName='John', lastName='Wayne', userName='testuser2', userPassword='test'}, User{userId='3', firstName='Wyatt', lastName='Earp', userName='testuser3', userPassword='test'}, User{userId='4', firstName='Doc', lastName='Holliday', userName='testuser4', userPassword='test'}, User{userId='6', firstName='Dirty', lastName='Harry', userName='testuser5', userPassword='Test'}, User{userId='7', firstName='Virgil', lastName='Earp', userName='testuser6', userPassword='Test'}]
[INFO ] 2019-03-01 17:16:50.029 [http-nio-8080-exec-2] UserDao - Querying: org.hibernate.query.criteria.internal.CriteriaQueryImpl@5eb0015f
[INFO ] 2019-03-01 17:16:50.030 [http-nio-8080-exec-2] UserDao - Found: [User{userId='1', firstName='Tester', lastName='McTester', userName='testuser', userPassword='test'}, User{userId='2', firstName='John', lastName='Wayne', userName='testuser2', userPassword='test'}, User{userId='3', firstName='Wyatt', lastName='Earp', userName='testuser3', userPassword='test'}, User{userId='4', firstName='Doc', lastName='Holliday', userName='testuser4', userPassword='test'}, User{userId='6', firstName='Dirty', lastName='Harry', userName='testuser5', userPassword='Test'}, User{userId='7', firstName='Virgil', lastName='Earp', userName='testuser6', userPassword='Test'}]
[INFO ] 2019-03-01 17:16:53.823 [http-nio-8080-exec-5] UserDao - Querying: org.hibernate.query.criteria.internal.CriteriaQueryImpl@2801200d
[INFO ] 2019-03-01 17:16:53.823 [http-nio-8080-exec-5] UserDao - Found: [User{userId='1', firstName='Tester', lastName='McTester', userName='testuser', userPassword='test'}, User{userId='2', firstName='John', lastName='Wayne', userName='testuser2', userPassword='test'}, User{userId='3', firstName='Wyatt', lastName='Earp', userName='testuser3', userPassword='test'}, User{userId='4', firstName='Doc', lastName='Holliday', userName='testuser4', userPassword='test'}, User{userId='6', firstName='Dirty', lastName='Harry', userName='testuser5', userPassword='Test'}, User{userId='7', firstName='Virgil', lastName='Earp', userName='testuser6', userPassword='Test'}]
[INFO ] 2019-03-01 17:16:57.026 [http-nio-8080-exec-7] UserDao - Querying: org.hibernate.query.criteria.internal.CriteriaQueryImpl@28d6c9ef
[INFO ] 2019-03-01 17:16:57.026 [http-nio-8080-exec-7] UserDao - Found: [User{userId='1', firstName='Tester', lastName='McTester', userName='testuser', userPassword='test'}, User{userId='2', firstName='John', lastName='Wayne', userName='testuser2', userPassword='test'}, User{userId='3', firstName='Wyatt', lastName='Earp', userName='testuser3', userPassword='test'}, User{userId='4', firstName='Doc', lastName='Holliday', userName='testuser4', userPassword='test'}, User{userId='6', firstName='Dirty', lastName='Harry', userName='testuser5', userPassword='Test'}, User{userId='7', firstName='Virgil', lastName='Earp', userName='testuser6', userPassword='Test'}]
[INFO ] 2019-03-01 17:17:02.568 [http-nio-8080-exec-8] UserDao - Querying: org.hibernate.query.criteria.internal.CriteriaQueryImpl@1931ef76
[INFO ] 2019-03-01 17:17:02.568 [http-nio-8080-exec-8] UserDao - Found: [User{userId='2', firstName='John', lastName='Wayne', userName='testuser2', userPassword='test'}]
[INFO ] 2019-03-01 17:17:20.153 [http-nio-8080-exec-1] UserDao - Querying: org.hibernate.query.criteria.internal.CriteriaQueryImpl@6f31da08
[INFO ] 2019-03-01 17:17:20.154 [http-nio-8080-exec-1] UserDao - Found: [User{userId='1', firstName='Tester', lastName='McTester', userName='testuser', userPassword='test'}, User{userId='2', firstName='John', lastName='Wayne', userName='testuser2', userPassword='test'}, User{userId='3', firstName='Wyatt', lastName='Earp', userName='testuser3', userPassword='test'}, User{userId='4', firstName='Doc', lastName='Holliday', userName='testuser4', userPassword='test'}, User{userId='6', firstName='Dirty', lastName='Harry', userName='testuser5', userPassword='Test'}, User{userId='7', firstName='Virgil', lastName='Earp', userName='testuser6', userPassword='Test'}]
[INFO ] 2019-03-01 17:18:47.304 [http-nio-8080-exec-3] UserDao - Querying: org.hibernate.query.criteria.internal.CriteriaQueryImpl@317ad1d2
[INFO ] 2019-03-01 17:18:47.307 [http-nio-8080-exec-3] UserDao - Found: [User{userId='1', firstName='Tester', lastName='McTester', userName='testuser', userPassword='test'}, User{userId='2', firstName='John', lastName='Wayne', userName='testuser2', userPassword='test'}, User{userId='3', firstName='Wyatt', lastName='Earp', userName='testuser3', userPassword='test'}, User{userId='4', firstName='Doc', lastName='Holliday', userName='testuser4', userPassword='test'}, User{userId='6', firstName='Dirty', lastName='Harry', userName='testuser5', userPassword='Test'}, User{userId='7', firstName='Virgil', lastName='Earp', userName='testuser6', userPassword='Test'}]
[INFO ] 2019-03-01 17:21:13.795 [http-nio-8080-exec-10] UserDao - Querying: org.hibernate.query.criteria.internal.CriteriaQueryImpl@2645d244
[INFO ] 2019-03-01 17:21:13.798 [http-nio-8080-exec-10] UserDao - Found: [User{userId='1', firstName='Tester', lastName='McTester', userName='testuser', userPassword='test'}, User{userId='2', firstName='John', lastName='Wayne', userName='testuser2', userPassword='test'}, User{userId='3', firstName='Wyatt', lastName='Earp', userName='testuser3', userPassword='test'}, User{userId='4', firstName='Doc', lastName='Holliday', userName='testuser4', userPassword='test'}, User{userId='6', firstName='Dirty', lastName='Harry', userName='testuser5', userPassword='Test'}, User{userId='7', firstName='Virgil', lastName='Earp', userName='testuser6', userPassword='Test'}]
